  AdminController.cpp
E:\_Личные папки преподавателей\Prepod_Gaychikov\lesson\lesson\Client.h(6,9): error C2061: syntax error: identifier 'string'
E:\_Личные папки преподавателей\Prepod_Gaychikov\lesson\lesson\Client.h(8,9): error C3646: 'nam': unknown override specifier
E:\_Личные папки преподавателей\Prepod_Gaychikov\lesson\lesson\Client.h(9,2): error C3646: 'string': unknown override specifier
E:\_Личные папки преподавателей\Prepod_Gaychikov\lesson\lesson\Client.h(9,9): error C3646: 'login': unknown override specifier
E:\_Личные папки преподавателей\Prepod_Gaychikov\lesson\lesson\Client.h(10,2): error C3646: 'string': unknown override specifier
E:\_Личные папки преподавателей\Prepod_Gaychikov\lesson\lesson\Client.h(10,9): error C3646: 'pass': unknown override specifier
E:\_Личные папки преподавателей\Prepod_Gaychikov\lesson\lesson\Client.h(10,13): error C4430: missing type specifier - int assumed. Note: C++ does not support default-int
E:\_Личные папки преподавателей\Prepod_Gaychikov\lesson\lesson\Client.h(11,9): error C3646: 'role': unknown override specifier
E:\_Личные папки преподавателей\Prepod_Gaychikov\lesson\lesson\Client.h(11,13): error C4430: missing type specifier - int assumed. Note: C++ does not support default-int
E:\_Личные папки преподавателей\Prepod_Gaychikov\lesson\lesson\mysql.h(7,7): error C2143: syntax error: missing ';' before '<'
E:\_Личные папки преподавателей\Prepod_Gaychikov\lesson\lesson\mysql.h(7,7): error C4430: missing type specifier - int assumed. Note: C++ does not support default-int
E:\_Личные папки преподавателей\Prepod_Gaychikov\lesson\lesson\mysql.h(7,7): error C2059: syntax error: '<'
E:\_Личные папки преподавателей\Prepod_Gaychikov\lesson\lesson\mysql.h(11,20): error C2065: 'string': undeclared identifier
E:\_Личные папки преподавателей\Prepod_Gaychikov\lesson\lesson\mysql.h(11,28): error C2065: 'string': undeclared identifier
E:\_Личные папки преподавателей\Prepod_Gaychikov\lesson\lesson\mysql.h(11,19): error C2440: 'initializing': cannot convert from 'initializer list' to 'Client *'
E:\_Личные папки преподавателей\Prepod_Gaychikov\lesson\lesson\mysql.h(11,19): message : The initializer contains too many elements
E:\_Личные папки преподавателей\Prepod_Gaychikov\lesson\lesson\mysql.h(14,7): error C2143: syntax error: missing ';' before '<'
E:\_Личные папки преподавателей\Prepod_Gaychikov\lesson\lesson\mysql.h(14,7): error C4430: missing type specifier - int assumed. Note: C++ does not support default-int
E:\_Личные папки преподавателей\Prepod_Gaychikov\lesson\lesson\mysql.h(14,1): error C2086: 'int vector': redefinition
E:\_Личные папки преподавателей\Prepod_Gaychikov\lesson\lesson\mysql.h(7,1): message : see declaration of 'vector'
E:\_Личные папки преподавателей\Prepod_Gaychikov\lesson\lesson\mysql.h(14,7): error C2059: syntax error: '<'
E:\_Личные папки преподавателей\Prepod_Gaychikov\lesson\lesson\mysql.h(15,25): error C2275: 'Item': expected an expression instead of a type
E:\_Личные папки преподавателей\Prepod_Gaychikov\lesson\lesson\mysql.h(15,30): error C2059: syntax error: ')'
E:\_Личные папки преподавателей\Prepod_Gaychikov\lesson\lesson\AdminController.cpp(4,10): warning C4067: unexpected tokens following preprocessor directive - expected a newline
  app.cpp
  Client.cpp
  Item.cpp
  ItemController.cpp
E:\_Личные папки преподавателей\Prepod_Gaychikov\lesson\lesson\Client.h(6,9): error C2061: syntax error: identifier 'string'
E:\_Личные папки преподавателей\Prepod_Gaychikov\lesson\lesson\Client.h(8,9): error C3646: 'nam': unknown override specifier
E:\_Личные папки преподавателей\Prepod_Gaychikov\lesson\lesson\Client.h(9,2): error C3646: 'string': unknown override specifier
E:\_Личные папки преподавателей\Prepod_Gaychikov\lesson\lesson\Client.h(9,9): error C3646: 'login': unknown override specifier
E:\_Личные папки преподавателей\Prepod_Gaychikov\lesson\lesson\Client.h(10,2): error C3646: 'string': unknown override specifier
E:\_Личные папки преподавателей\Prepod_Gaychikov\lesson\lesson\Client.h(10,9): error C3646: 'pass': unknown override specifier
E:\_Личные папки преподавателей\Prepod_Gaychikov\lesson\lesson\Client.h(10,13): error C4430: missing type specifier - int assumed. Note: C++ does not support default-int
E:\_Личные папки преподавателей\Prepod_Gaychikov\lesson\lesson\Client.h(11,9): error C3646: 'role': unknown override specifier
E:\_Личные папки преподавателей\Prepod_Gaychikov\lesson\lesson\Client.h(11,13): error C4430: missing type specifier - int assumed. Note: C++ does not support default-int
E:\_Личные папки преподавателей\Prepod_Gaychikov\lesson\lesson\mysql.h(7,7): error C2143: syntax error: missing ';' before '<'
E:\_Личные папки преподавателей\Prepod_Gaychikov\lesson\lesson\mysql.h(7,7): error C4430: missing type specifier - int assumed. Note: C++ does not support default-int
E:\_Личные папки преподавателей\Prepod_Gaychikov\lesson\lesson\mysql.h(7,7): error C2059: syntax error: '<'
E:\_Личные папки преподавателей\Prepod_Gaychikov\lesson\lesson\mysql.h(11,20): error C2065: 'string': undeclared identifier
E:\_Личные папки преподавателей\Prepod_Gaychikov\lesson\lesson\mysql.h(11,28): error C2065: 'string': undeclared identifier
E:\_Личные папки преподавателей\Prepod_Gaychikov\lesson\lesson\mysql.h(11,19): error C2440: 'initializing': cannot convert from 'initializer list' to 'Client *'
E:\_Личные папки преподавателей\Prepod_Gaychikov\lesson\lesson\mysql.h(11,19): message : The initializer contains too many elements
E:\_Личные папки преподавателей\Prepod_Gaychikov\lesson\lesson\mysql.h(14,7): error C2143: syntax error: missing ';' before '<'
E:\_Личные папки преподавателей\Prepod_Gaychikov\lesson\lesson\mysql.h(14,7): error C4430: missing type specifier - int assumed. Note: C++ does not support default-int
E:\_Личные папки преподавателей\Prepod_Gaychikov\lesson\lesson\mysql.h(14,1): error C2086: 'int vector': redefinition
E:\_Личные папки преподавателей\Prepod_Gaychikov\lesson\lesson\mysql.h(7,1): message : see declaration of 'vector'
E:\_Личные папки преподавателей\Prepod_Gaychikov\lesson\lesson\mysql.h(14,7): error C2059: syntax error: '<'
E:\_Личные папки преподавателей\Prepod_Gaychikov\lesson\lesson\mysql.h(15,25): error C2275: 'Item': expected an expression instead of a type
E:\_Личные папки преподавателей\Prepod_Gaychikov\lesson\lesson\mysql.h(15,30): error C2059: syntax error: ')'
E:\_Личные папки преподавателей\Prepod_Gaychikov\lesson\lesson\ItemController.cpp(6,7): error C2872: 'vector': ambiguous symbol
E:\_Личные папки преподавателей\Prepod_Gaychikov\lesson\lesson\mysql.h(7,1): message : could be 'int vector'
C:\Program Files\Microsoft Visual Studio\2022\Enterprise\VC\Tools\MSVC\14.34.31933\include\vector(494,1): message : or       'std::vector'
E:\_Личные папки преподавателей\Prepod_Gaychikov\lesson\lesson\ItemController.cpp(6,7): error C2143: syntax error: missing ';' before '<'
E:\_Личные папки преподавателей\Prepod_Gaychikov\lesson\lesson\ItemController.cpp(6,7): error C4430: missing type specifier - int assumed. Note: C++ does not support default-int
E:\_Личные папки преподавателей\Prepod_Gaychikov\lesson\lesson\ItemController.cpp(6,1): error C2086: 'int vector': redefinition
E:\_Личные папки преподавателей\Prepod_Gaychikov\lesson\lesson\mysql.h(7,1): message : see declaration of 'vector'
E:\_Личные папки преподавателей\Prepod_Gaychikov\lesson\lesson\ItemController.cpp(6,7): error C2059: syntax error: '<'
E:\_Личные папки преподавателей\Prepod_Gaychikov\lesson\lesson\ItemController.cpp(9,2): error C2065: 'items': undeclared identifier
E:\_Личные папки преподавателей\Prepod_Gaychikov\lesson\lesson\ItemController.cpp(9,10): error C3861: 'get_items': identifier not found
E:\_Личные папки преподавателей\Prepod_Gaychikov\lesson\lesson\ItemController.cpp(11,19): error C2065: 'items': undeclared identifier
E:\_Личные папки преподавателей\Prepod_Gaychikov\lesson\lesson\ItemController.cpp(11,2): error C3531: 'item': a symbol whose type contains 'auto' must have an initializer
E:\_Личные папки преподавателей\Prepod_Gaychikov\lesson\lesson\ItemController.cpp(11,17): error C2143: syntax error: missing ';' before ':'
E:\_Личные папки преподавателей\Prepod_Gaychikov\lesson\lesson\ItemController.cpp(11,24): error C2143: syntax error: missing ';' before ')'
E:\_Личные папки преподавателей\Prepod_Gaychikov\lesson\lesson\ItemController.cpp(34,3): error C2065: 'items': undeclared identifier
E:\_Личные папки преподавателей\Prepod_Gaychikov\lesson\lesson\ItemController.cpp(44,18): error C2065: 'items': undeclared identifier
  mysql.cpp
E:\_Личные папки преподавателей\Prepod_Gaychikov\lesson\lesson\mysql.cpp(4,10): fatal  error C1083: Cannot open include file: 'mysql_connection.h': No such file or directory
  Order.cpp
  Shop.cpp
E:\_Личные папки преподавателей\Prepod_Gaychikov\lesson\lesson\Client.h(6,9): error C2061: syntax error: identifier 'string'
E:\_Личные папки преподавателей\Prepod_Gaychikov\lesson\lesson\Client.h(8,9): error C3646: 'nam': unknown override specifier
E:\_Личные папки преподавателей\Prepod_Gaychikov\lesson\lesson\Client.h(9,2): error C3646: 'string': unknown override specifier
E:\_Личные папки преподавателей\Prepod_Gaychikov\lesson\lesson\Client.h(9,9): error C3646: 'login': unknown override specifier
E:\_Личные папки преподавателей\Prepod_Gaychikov\lesson\lesson\Client.h(10,2): error C3646: 'string': unknown override specifier
E:\_Личные папки преподавателей\Prepod_Gaychikov\lesson\lesson\Client.h(10,9): error C3646: 'pass': unknown override specifier
E:\_Личные папки преподавателей\Prepod_Gaychikov\lesson\lesson\Client.h(10,13): error C4430: missing type specifier - int assumed. Note: C++ does not support default-int
E:\_Личные папки преподавателей\Prepod_Gaychikov\lesson\lesson\Client.h(11,9): error C3646: 'role': unknown override specifier
E:\_Личные папки преподавателей\Prepod_Gaychikov\lesson\lesson\Client.h(11,13): error C4430: missing type specifier - int assumed. Note: C++ does not support default-int
E:\_Личные папки преподавателей\Prepod_Gaychikov\lesson\lesson\mysql.h(7,7): error C2143: syntax error: missing ';' before '<'
E:\_Личные папки преподавателей\Prepod_Gaychikov\lesson\lesson\mysql.h(7,7): error C4430: missing type specifier - int assumed. Note: C++ does not support default-int
E:\_Личные папки преподавателей\Prepod_Gaychikov\lesson\lesson\mysql.h(7,7): error C2059: syntax error: '<'
E:\_Личные папки преподавателей\Prepod_Gaychikov\lesson\lesson\mysql.h(11,20): error C2065: 'string': undeclared identifier
E:\_Личные папки преподавателей\Prepod_Gaychikov\lesson\lesson\mysql.h(11,28): error C2065: 'string': undeclared identifier
E:\_Личные папки преподавателей\Prepod_Gaychikov\lesson\lesson\mysql.h(11,19): error C2440: 'initializing': cannot convert from 'initializer list' to 'Client *'
E:\_Личные папки преподавателей\Prepod_Gaychikov\lesson\lesson\mysql.h(11,19): message : The initializer contains too many elements
E:\_Личные папки преподавателей\Prepod_Gaychikov\lesson\lesson\mysql.h(14,7): error C2143: syntax error: missing ';' before '<'
E:\_Личные папки преподавателей\Prepod_Gaychikov\lesson\lesson\mysql.h(14,7): error C4430: missing type specifier - int assumed. Note: C++ does not support default-int
E:\_Личные папки преподавателей\Prepod_Gaychikov\lesson\lesson\mysql.h(14,1): error C2086: 'int vector': redefinition
E:\_Личные папки преподавателей\Prepod_Gaychikov\lesson\lesson\mysql.h(7,1): message : see declaration of 'vector'
E:\_Личные папки преподавателей\Prepod_Gaychikov\lesson\lesson\mysql.h(14,7): error C2059: syntax error: '<'
E:\_Личные папки преподавателей\Prepod_Gaychikov\lesson\lesson\mysql.h(15,25): error C2275: 'Item': expected an expression instead of a type
E:\_Личные папки преподавателей\Prepod_Gaychikov\lesson\lesson\mysql.h(15,30): error C2059: syntax error: ')'
E:\_Личные папки преподавателей\Prepod_Gaychikov\lesson\lesson\ItemController.cpp(6,7): error C2872: 'vector': ambiguous symbol
E:\_Личные папки преподавателей\Prepod_Gaychikov\lesson\lesson\mysql.h(7,1): message : could be 'int vector'
C:\Program Files\Microsoft Visual Studio\2022\Enterprise\VC\Tools\MSVC\14.34.31933\include\vector(494,1): message : or       'std::vector'
E:\_Личные папки преподавателей\Prepod_Gaychikov\lesson\lesson\ItemController.cpp(6,7): error C2143: syntax error: missing ';' before '<'
E:\_Личные папки преподавателей\Prepod_Gaychikov\lesson\lesson\ItemController.cpp(6,7): error C4430: missing type specifier - int assumed. Note: C++ does not support default-int
E:\_Личные папки преподавателей\Prepod_Gaychikov\lesson\lesson\ItemController.cpp(6,1): error C2086: 'int vector': redefinition
E:\_Личные папки преподавателей\Prepod_Gaychikov\lesson\lesson\mysql.h(7,1): message : see declaration of 'vector'
E:\_Личные папки преподавателей\Prepod_Gaychikov\lesson\lesson\ItemController.cpp(6,7): error C2059: syntax error: '<'
E:\_Личные папки преподавателей\Prepod_Gaychikov\lesson\lesson\ItemController.cpp(9,2): error C2065: 'items': undeclared identifier
E:\_Личные папки преподавателей\Prepod_Gaychikov\lesson\lesson\ItemController.cpp(9,10): error C3861: 'get_items': identifier not found
E:\_Личные папки преподавателей\Prepod_Gaychikov\lesson\lesson\ItemController.cpp(11,19): error C2065: 'items': undeclared identifier
E:\_Личные папки преподавателей\Prepod_Gaychikov\lesson\lesson\ItemController.cpp(11,2): error C3531: 'item': a symbol whose type contains 'auto' must have an initializer
E:\_Личные папки преподавателей\Prepod_Gaychikov\lesson\lesson\ItemController.cpp(11,17): error C2143: syntax error: missing ';' before ':'
E:\_Личные папки преподавателей\Prepod_Gaychikov\lesson\lesson\ItemController.cpp(11,24): error C2143: syntax error: missing ';' before ')'
E:\_Личные папки преподавателей\Prepod_Gaychikov\lesson\lesson\ItemController.cpp(34,3): error C2065: 'items': undeclared identifier
E:\_Личные папки преподавателей\Prepod_Gaychikov\lesson\lesson\ItemController.cpp(44,18): error C2065: 'items': undeclared identifier
E:\_Личные папки преподавателей\Prepod_Gaychikov\lesson\lesson\Shop.cpp(19,3): error C2065: 'items': undeclared identifier
E:\_Личные папки преподавателей\Prepod_Gaychikov\lesson\lesson\Shop.cpp(20,25): error C2065: 'items': undeclared identifier
E:\_Личные папки преподавателей\Prepod_Gaychikov\lesson\lesson\Shop.cpp(25,7): error C2064: term does not evaluate to a function taking 1 arguments
  UserController.cpp
E:\_Личные папки преподавателей\Prepod_Gaychikov\lesson\lesson\Client.h(6,9): error C2061: syntax error: identifier 'string'
E:\_Личные папки преподавателей\Prepod_Gaychikov\lesson\lesson\Client.h(8,9): error C3646: 'nam': unknown override specifier
E:\_Личные папки преподавателей\Prepod_Gaychikov\lesson\lesson\Client.h(9,2): error C3646: 'string': unknown override specifier
E:\_Личные папки преподавателей\Prepod_Gaychikov\lesson\lesson\Client.h(9,9): error C3646: 'login': unknown override specifier
E:\_Личные папки преподавателей\Prepod_Gaychikov\lesson\lesson\Client.h(10,2): error C3646: 'string': unknown override specifier
E:\_Личные папки преподавателей\Prepod_Gaychikov\lesson\lesson\Client.h(10,9): error C3646: 'pass': unknown override specifier
E:\_Личные папки преподавателей\Prepod_Gaychikov\lesson\lesson\Client.h(10,13): error C4430: missing type specifier - int assumed. Note: C++ does not support default-int
E:\_Личные папки преподавателей\Prepod_Gaychikov\lesson\lesson\Client.h(11,9): error C3646: 'role': unknown override specifier
E:\_Личные папки преподавателей\Prepod_Gaychikov\lesson\lesson\Client.h(11,13): error C4430: missing type specifier - int assumed. Note: C++ does not support default-int
E:\_Личные папки преподавателей\Prepod_Gaychikov\lesson\lesson\mysql.h(7,7): error C2143: syntax error: missing ';' before '<'
E:\_Личные папки преподавателей\Prepod_Gaychikov\lesson\lesson\mysql.h(7,7): error C4430: missing type specifier - int assumed. Note: C++ does not support default-int
E:\_Личные папки преподавателей\Prepod_Gaychikov\lesson\lesson\mysql.h(7,7): error C2059: syntax error: '<'
E:\_Личные папки преподавателей\Prepod_Gaychikov\lesson\lesson\mysql.h(11,20): error C2065: 'string': undeclared identifier
E:\_Личные папки преподавателей\Prepod_Gaychikov\lesson\lesson\mysql.h(11,28): error C2065: 'string': undeclared identifier
E:\_Личные папки преподавателей\Prepod_Gaychikov\lesson\lesson\mysql.h(11,19): error C2440: 'initializing': cannot convert from 'initializer list' to 'Client *'
E:\_Личные папки преподавателей\Prepod_Gaychikov\lesson\lesson\mysql.h(11,19): message : The initializer contains too many elements
E:\_Личные папки преподавателей\Prepod_Gaychikov\lesson\lesson\mysql.h(14,7): error C2143: syntax error: missing ';' before '<'
E:\_Личные папки преподавателей\Prepod_Gaychikov\lesson\lesson\mysql.h(14,7): error C4430: missing type specifier - int assumed. Note: C++ does not support default-int
E:\_Личные папки преподавателей\Prepod_Gaychikov\lesson\lesson\mysql.h(14,1): error C2086: 'int vector': redefinition
E:\_Личные папки преподавателей\Prepod_Gaychikov\lesson\lesson\mysql.h(7,1): message : see declaration of 'vector'
E:\_Личные папки преподавателей\Prepod_Gaychikov\lesson\lesson\mysql.h(14,7): error C2059: syntax error: '<'
E:\_Личные папки преподавателей\Prepod_Gaychikov\lesson\lesson\mysql.h(15,25): error C2275: 'Item': expected an expression instead of a type
E:\_Личные папки преподавателей\Prepod_Gaychikov\lesson\lesson\mysql.h(15,30): error C2059: syntax error: ')'
E:\_Личные папки преподавателей\Prepod_Gaychikov\lesson\lesson\UserController.cpp(20,24): error C2661: 'Client::Client': no overloaded function takes 4 arguments
E:\_Личные папки преподавателей\Prepod_Gaychikov\lesson\lesson\UserController.cpp(20,24): message : while trying to match the argument list '(std::string, int, std::string, std::string)'
E:\_Личные папки преподавателей\Prepod_Gaychikov\lesson\lesson\UserController.cpp(22,6): error C2064: term does not evaluate to a function taking 2 arguments
E:\_Личные папки преподавателей\Prepod_Gaychikov\lesson\lesson\UserController.cpp(35,17): error C2064: term does not evaluate to a function taking 2 arguments
E:\_Личные папки преподавателей\Prepod_Gaychikov\lesson\lesson\UserController.cpp(36,17): error C3536: 'client': cannot be used before it is initialized
E:\_Личные папки преподавателей\Prepod_Gaychikov\lesson\lesson\UserController.cpp(39,21): error C2440: '=': cannot convert from 'Client *' to 'int'
E:\_Личные папки преподавателей\Prepod_Gaychikov\lesson\lesson\UserController.cpp(39,21): message : There is no context in which this conversion is possible
  Generating Code...
